# JRE version: Java(TM) SE Runtime Environment (8.0_101-b13) (build 1.8.0_101-b13)
# Java VM: Java HotSpot(TM) 64-Bit Server VM (25.101-b13 mixed mode windows-amd64 compressed oops)
Heap:
 PSYoungGen      total 138240K, used 41203K [0x00000000eb380000, 0x00000000f4980000, 0x0000000100000000)
  eden space 122880K, 33% used [0x00000000eb380000,0x00000000edbbcfd0,0x00000000f2b80000)
  from space 15360K, 0% used [0x00000000f2b80000,0x00000000f2b80000,0x00000000f3a80000)
  to   space 12288K, 0% used [0x00000000f3b00000,0x00000000f3b00000,0x00000000f4700000)
 ParOldGen       total 65536K, used 25375K [0x00000000c1a00000, 0x00000000c5a00000, 0x00000000eb380000)
  object space 65536K, 38% used [0x00000000c1a00000,0x00000000c32c7f20,0x00000000c5a00000)
 Metaspace       used 61221K, capacity 61507K, committed 61952K, reserved 1103872K
  class space    used 6736K, capacity 6841K, committed 6912K, reserved 1048576K
GC Heap History (10 events):
Event: 6.888 GC heap before
{Heap before GC invocations=12 (full 2):
 PSYoungGen      total 100352K, used 8693K [0x00000000eb380000, 0x00000000f2980000, 0x0000000100000000)
  eden space 91648K, 0% used [0x00000000eb380000,0x00000000eb380000,0x00000000f0d00000)
  from space 8704K, 99% used [0x00000000f1880000,0x00000000f20fd700,0x00000000f2100000)
  to   space 11776K, 0% used [0x00000000f0d00000,0x00000000f0d00000,0x00000000f1880000)
 ParOldGen       total 33280K, used 15143K [0x00000000c1a00000, 0x00000000c3a80000, 0x00000000eb380000)
  object space 33280K, 45% used [0x00000000c1a00000,0x00000000c28c9e88,0x00000000c3a80000)
 Metaspace       used 34997K, capacity 35210K, committed 35456K, reserved 1081344K
  class space    used 3870K, capacity 3937K, committed 3968K, reserved 1048576K
Event: 7.043 GC heap after
Heap after GC invocations=12 (full 2):
 PSYoungGen      total 100352K, used 0K [0x00000000eb380000, 0x00000000f2980000, 0x0000000100000000)
  eden space 91648K, 0% used [0x00000000eb380000,0x00000000eb380000,0x00000000f0d00000)
  from space 8704K, 0% used [0x00000000f1880000,0x00000000f1880000,0x00000000f2100000)
  to   space 11776K, 0% used [0x00000000f0d00000,0x00000000f0d00000,0x00000000f1880000)
 ParOldGen       total 53248K, used 21681K [0x00000000c1a00000, 0x00000000c4e00000, 0x00000000eb380000)
  object space 53248K, 40% used [0x00000000c1a00000,0x00000000c2f2c7e8,0x00000000c4e00000)
 Metaspace       used 34997K, capacity 35210K, committed 35456K, reserved 1081344K
  class space    used 3870K, capacity 3937K, committed 3968K, reserved 1048576K
}
Event: 8.750 GC heap before
{Heap before GC invocations=13 (full 2):
 PSYoungGen      total 100352K, used 91648K [0x00000000eb380000, 0x00000000f2980000, 0x0000000100000000)
  eden space 91648K, 100% used [0x00000000eb380000,0x00000000f0d00000,0x00000000f0d00000)
  from space 8704K, 0% used [0x00000000f1880000,0x00000000f1880000,0x00000000f2100000)
  to   space 11776K, 0% used [0x00000000f0d00000,0x00000000f0d00000,0x00000000f1880000)
 ParOldGen       total 53248K, used 21681K [0x00000000c1a00000, 0x00000000c4e00000, 0x00000000eb380000)
  object space 53248K, 40% used [0x00000000c1a00000,0x00000000c2f2c7e8,0x00000000c4e00000)
 Metaspace       used 43361K, capacity 43606K, committed 43904K, reserved 1087488K
  class space    used 4806K, capacity 4878K, committed 4992K, reserved 1048576K
Event: 8.763 GC heap after
Heap after GC invocations=13 (full 2):
 PSYoungGen      total 103424K, used 8512K [0x00000000eb380000, 0x00000000f4700000, 0x0000000100000000)
  eden space 91648K, 0% used [0x00000000eb380000,0x00000000eb380000,0x00000000f0d00000)
  from space 11776K, 72% used [0x00000000f0d00000,0x00000000f1550288,0x00000000f1880000)
  to   space 12288K, 0% used [0x00000000f3b00000,0x00000000f3b00000,0x00000000f4700000)
 ParOldGen       total 53248K, used 21689K [0x00000000c1a00000, 0x00000000c4e00000, 0x00000000eb380000)
  object space 53248K, 40% used [0x00000000c1a00000,0x00000000c2f2e7e8,0x00000000c4e00000)
 Metaspace       used 43361K, capacity 43606K, committed 43904K, reserved 1087488K
  class space    used 4806K, capacity 4878K, committed 4992K, reserved 1048576K
}
Event: 12.136 GC heap before
{Heap before GC invocations=14 (full 2):
 PSYoungGen      total 103424K, used 100160K [0x00000000eb380000, 0x00000000f4700000, 0x0000000100000000)
  eden space 91648K, 100% used [0x00000000eb380000,0x00000000f0d00000,0x00000000f0d00000)
  from space 11776K, 72% used [0x00000000f0d00000,0x00000000f1550288,0x00000000f1880000)
  to   space 12288K, 0% used [0x00000000f3b00000,0x00000000f3b00000,0x00000000f4700000)
 ParOldGen       total 53248K, used 21689K [0x00000000c1a00000, 0x00000000c4e00000, 0x00000000eb380000)
  object space 53248K, 40% used [0x00000000c1a00000,0x00000000c2f2e7e8,0x00000000c4e00000)
 Metaspace       used 57881K, capacity 58137K, committed 58752K, reserved 1101824K
  class space    used 6337K, capacity 6426K, committed 6528K, reserved 1048576K
Event: 12.155 GC heap after
Heap after GC invocations=14 (full 2):
 PSYoungGen      total 135168K, used 12275K [0x00000000eb380000, 0x00000000f4980000, 0x0000000100000000)
  eden space 122880K, 0% used [0x00000000eb380000,0x00000000eb380000,0x00000000f2b80000)
  from space 12288K, 99% used [0x00000000f3b00000,0x00000000f46fcfa0,0x00000000f4700000)
  to   space 15360K, 0% used [0x00000000f2b80000,0x00000000f2b80000,0x00000000f3a80000)
 ParOldGen       total 53248K, used 25593K [0x00000000c1a00000, 0x00000000c4e00000, 0x00000000eb380000)
  object space 53248K, 48% used [0x00000000c1a00000,0x00000000c32fe498,0x00000000c4e00000)
 Metaspace       used 57881K, capacity 58137K, committed 58752K, reserved 1101824K
  class space    used 6337K, capacity 6426K, committed 6528K, reserved 1048576K
}
Event: 12.274 GC heap before
{Heap before GC invocations=15 (full 2):
 PSYoungGen      total 135168K, used 16900K [0x00000000eb380000, 0x00000000f4980000, 0x0000000100000000)
  eden space 122880K, 3% used [0x00000000eb380000,0x00000000eb804370,0x00000000f2b80000)
  from space 12288K, 99% used [0x00000000f3b00000,0x00000000f46fcfa0,0x00000000f4700000)
  to   space 15360K, 0% used [0x00000000f2b80000,0x00000000f2b80000,0x00000000f3a80000)
 ParOldGen       total 53248K, used 25593K [0x00000000c1a00000, 0x00000000c4e00000, 0x00000000eb380000)
  object space 53248K, 48% used [0x00000000c1a00000,0x00000000c32fe498,0x00000000c4e00000)
 Metaspace       used 58544K, capacity 58783K, committed 59096K, reserved 1101824K
  class space    used 6395K, capacity 6491K, committed 6528K, reserved 1048576K
Event: 12.280 GC heap after
Heap after GC invocations=15 (full 2):
 PSYoungGen      total 138240K, used 923K [0x00000000eb380000, 0x00000000f4980000, 0x0000000100000000)
  eden space 122880K, 0% used [0x00000000eb380000,0x00000000eb380000,0x00000000f2b80000)
  from space 15360K, 6% used [0x00000000f2b80000,0x00000000f2c66c80,0x00000000f3a80000)
  to   space 12288K, 0% used [0x00000000f3b00000,0x00000000f3b00000,0x00000000f4700000)
 ParOldGen       total 53248K, used 29274K [0x00000000c1a00000, 0x00000000c4e00000, 0x00000000eb380000)
  object space 53248K, 54% used [0x00000000c1a00000,0x00000000c3696b08,0x00000000c4e00000)
 Metaspace       used 58544K, capacity 58783K, committed 59096K, reserved 1101824K
  class space    used 6395K, capacity 6491K, committed 6528K, reserved 1048576K
}
Event: 12.280 GC heap before
{Heap before GC invocations=16 (full 3):
 PSYoungGen      total 138240K, used 923K [0x00000000eb380000, 0x00000000f4980000, 0x0000000100000000)
  eden space 122880K, 0% used [0x00000000eb380000,0x00000000eb380000,0x00000000f2b80000)
  from space 15360K, 6% used [0x00000000f2b80000,0x00000000f2c66c80,0x00000000f3a80000)
  to   space 12288K, 0% used [0x00000000f3b00000,0x00000000f3b00000,0x00000000f4700000)
 ParOldGen       total 53248K, used 29274K [0x00000000c1a00000, 0x00000000c4e00000, 0x00000000eb380000)
  object space 53248K, 54% used [0x00000000c1a00000,0x00000000c3696b08,0x00000000c4e00000)
 Metaspace       used 58544K, capacity 58783K, committed 59096K, reserved 1101824K
  class space    used 6395K, capacity 6491K, committed 6528K, reserved 1048576K
Event: 12.476 GC heap after
Heap after GC invocations=16 (full 3):
 PSYoungGen      total 138240K, used 0K [0x00000000eb380000, 0x00000000f4980000, 0x0000000100000000)
  eden space 122880K, 0% used [0x00000000eb380000,0x00000000eb380000,0x00000000f2b80000)
  from space 15360K, 0% used [0x00000000f2b80000,0x00000000f2b80000,0x00000000f3a80000)
  to   space 12288K, 0% used [0x00000000f3b00000,0x00000000f3b00000,0x00000000f4700000)
 ParOldGen       total 65536K, used 25375K [0x00000000c1a00000, 0x00000000c5a00000, 0x00000000eb380000)
  object space 65536K, 38% used [0x00000000c1a00000,0x00000000c32c7f20,0x00000000c5a00000)
 Metaspace       used 58536K, capacity 58775K, committed 59096K, reserved 1101824K
  class space    used 6392K, capacity 6487K, committed 6528K, reserved 1048576K
}

