# JRE version: Java(TM) SE Runtime Environment (8.0_101-b13) (build 1.8.0_101-b13)
# Java VM: Java HotSpot(TM) 64-Bit Server VM (25.101-b13 mixed mode windows-amd64 compressed oops)
Heap:
 PSYoungGen      total 138240K, used 70947K [0x00000000eb380000, 0x00000000f4d00000, 0x0000000100000000)
  eden space 120832K, 50% used [0x00000000eb380000,0x00000000eee83d78,0x00000000f2980000)
  from space 17408K, 60% used [0x00000000f3a00000,0x00000000f44450d0,0x00000000f4b00000)
  to   space 16896K, 0% used [0x00000000f2980000,0x00000000f2980000,0x00000000f3a00000)
 ParOldGen       total 98304K, used 33328K [0x00000000c1a00000, 0x00000000c7a00000, 0x00000000eb380000)
  object space 98304K, 33% used [0x00000000c1a00000,0x00000000c3a8c0c8,0x00000000c7a00000)
 Metaspace       used 76466K, capacity 76933K, committed 77352K, reserved 1118208K
  class space    used 8576K, capacity 8709K, committed 8744K, reserved 1048576K
GC Heap History (10 events):
Event: 51.259 GC heap before
{Heap before GC invocations=21 (full 3):
 PSYoungGen      total 125440K, used 118392K [0x00000000eb380000, 0x00000000f4b00000, 0x0000000100000000)
  eden space 108032K, 100% used [0x00000000eb380000,0x00000000f1d00000,0x00000000f1d00000)
  from space 17408K, 59% used [0x00000000f1d00000,0x00000000f271e0d0,0x00000000f2e00000)
  to   space 17408K, 0% used [0x00000000f3a00000,0x00000000f3a00000,0x00000000f4b00000)
 ParOldGen       total 98304K, used 33296K [0x00000000c1a00000, 0x00000000c7a00000, 0x00000000eb380000)
  object space 98304K, 33% used [0x00000000c1a00000,0x00000000c3a840c8,0x00000000c7a00000)
 Metaspace       used 76209K, capacity 76669K, committed 77096K, reserved 1118208K
  class space    used 8575K, capacity 8709K, committed 8744K, reserved 1048576K
Event: 51.283 GC heap after
Heap after GC invocations=21 (full 3):
 PSYoungGen      total 138240K, used 10312K [0x00000000eb380000, 0x00000000f4d00000, 0x0000000100000000)
  eden space 120832K, 0% used [0x00000000eb380000,0x00000000eb380000,0x00000000f2980000)
  from space 17408K, 59% used [0x00000000f3a00000,0x00000000f44120e0,0x00000000f4b00000)
  to   space 16896K, 0% used [0x00000000f2980000,0x00000000f2980000,0x00000000f3a00000)
 ParOldGen       total 98304K, used 33304K [0x00000000c1a00000, 0x00000000c7a00000, 0x00000000eb380000)
  object space 98304K, 33% used [0x00000000c1a00000,0x00000000c3a860c8,0x00000000c7a00000)
 Metaspace       used 76209K, capacity 76669K, committed 77096K, reserved 1118208K
  class space    used 8575K, capacity 8709K, committed 8744K, reserved 1048576K
}
Event: 51.696 GC heap before
{Heap before GC invocations=22 (full 3):
 PSYoungGen      total 138240K, used 131144K [0x00000000eb380000, 0x00000000f4d00000, 0x0000000100000000)
  eden space 120832K, 100% used [0x00000000eb380000,0x00000000f2980000,0x00000000f2980000)
  from space 17408K, 59% used [0x00000000f3a00000,0x00000000f44120e0,0x00000000f4b00000)
  to   space 16896K, 0% used [0x00000000f2980000,0x00000000f2980000,0x00000000f3a00000)
 ParOldGen       total 98304K, used 33304K [0x00000000c1a00000, 0x00000000c7a00000, 0x00000000eb380000)
  object space 98304K, 33% used [0x00000000c1a00000,0x00000000c3a860c8,0x00000000c7a00000)
 Metaspace       used 76280K, capacity 76733K, committed 77096K, reserved 1118208K
  class space    used 8575K, capacity 8709K, committed 8744K, reserved 1048576K
Event: 51.714 GC heap after
Heap after GC invocations=22 (full 3):
 PSYoungGen      total 137728K, used 10504K [0x00000000eb380000, 0x00000000f4d00000, 0x0000000100000000)
  eden space 120832K, 0% used [0x00000000eb380000,0x00000000eb380000,0x00000000f2980000)
  from space 16896K, 62% used [0x00000000f2980000,0x00000000f33c2100,0x00000000f3a00000)
  to   space 17408K, 0% used [0x00000000f3a00000,0x00000000f3a00000,0x00000000f4b00000)
 ParOldGen       total 98304K, used 33312K [0x00000000c1a00000, 0x00000000c7a00000, 0x00000000eb380000)
  object space 98304K, 33% used [0x00000000c1a00000,0x00000000c3a880c8,0x00000000c7a00000)
 Metaspace       used 76280K, capacity 76733K, committed 77096K, reserved 1118208K
  class space    used 8575K, capacity 8709K, committed 8744K, reserved 1048576K
}
Event: 52.936 GC heap before
{Heap before GC invocations=23 (full 3):
 PSYoungGen      total 137728K, used 131336K [0x00000000eb380000, 0x00000000f4d00000, 0x0000000100000000)
  eden space 120832K, 100% used [0x00000000eb380000,0x00000000f2980000,0x00000000f2980000)
  from space 16896K, 62% used [0x00000000f2980000,0x00000000f33c2100,0x00000000f3a00000)
  to   space 17408K, 0% used [0x00000000f3a00000,0x00000000f3a00000,0x00000000f4b00000)
 ParOldGen       total 98304K, used 33312K [0x00000000c1a00000, 0x00000000c7a00000, 0x00000000eb380000)
  object space 98304K, 33% used [0x00000000c1a00000,0x00000000c3a880c8,0x00000000c7a00000)
 Metaspace       used 76319K, capacity 76733K, committed 77096K, reserved 1118208K
  class space    used 8575K, capacity 8709K, committed 8744K, reserved 1048576K
Event: 52.951 GC heap after
Heap after GC invocations=23 (full 3):
 PSYoungGen      total 138240K, used 10440K [0x00000000eb380000, 0x00000000f4d00000, 0x0000000100000000)
  eden space 120832K, 0% used [0x00000000eb380000,0x00000000eb380000,0x00000000f2980000)
  from space 17408K, 59% used [0x00000000f3a00000,0x00000000f44320e0,0x00000000f4b00000)
  to   space 16896K, 0% used [0x00000000f2980000,0x00000000f2980000,0x00000000f3a00000)
 ParOldGen       total 98304K, used 33320K [0x00000000c1a00000, 0x00000000c7a00000, 0x00000000eb380000)
  object space 98304K, 33% used [0x00000000c1a00000,0x00000000c3a8a0c8,0x00000000c7a00000)
 Metaspace       used 76319K, capacity 76733K, committed 77096K, reserved 1118208K
  class space    used 8575K, capacity 8709K, committed 8744K, reserved 1048576K
}
Event: 53.306 GC heap before
{Heap before GC invocations=24 (full 3):
 PSYoungGen      total 138240K, used 131272K [0x00000000eb380000, 0x00000000f4d00000, 0x0000000100000000)
  eden space 120832K, 100% used [0x00000000eb380000,0x00000000f2980000,0x00000000f2980000)
  from space 17408K, 59% used [0x00000000f3a00000,0x00000000f44320e0,0x00000000f4b00000)
  to   space 16896K, 0% used [0x00000000f2980000,0x00000000f2980000,0x00000000f3a00000)
 ParOldGen       total 98304K, used 33320K [0x00000000c1a00000, 0x00000000c7a00000, 0x00000000eb380000)
  object space 98304K, 33% used [0x00000000c1a00000,0x00000000c3a8a0c8,0x00000000c7a00000)
 Metaspace       used 76360K, capacity 76797K, committed 77352K, reserved 1118208K
  class space    used 8575K, capacity 8709K, committed 8744K, reserved 1048576K
Event: 53.319 GC heap after
Heap after GC invocations=24 (full 3):
 PSYoungGen      total 137728K, used 10500K [0x00000000eb380000, 0x00000000f4d00000, 0x0000000100000000)
  eden space 120832K, 0% used [0x00000000eb380000,0x00000000eb380000,0x00000000f2980000)
  from space 16896K, 62% used [0x00000000f2980000,0x00000000f33c10e0,0x00000000f3a00000)
  to   space 17408K, 0% used [0x00000000f3a00000,0x00000000f3a00000,0x00000000f4b00000)
 ParOldGen       total 98304K, used 33328K [0x00000000c1a00000, 0x00000000c7a00000, 0x00000000eb380000)
  object space 98304K, 33% used [0x00000000c1a00000,0x00000000c3a8c0c8,0x00000000c7a00000)
 Metaspace       used 76360K, capacity 76797K, committed 77352K, reserved 1118208K
  class space    used 8575K, capacity 8709K, committed 8744K, reserved 1048576K
}
Event: 53.604 GC heap before
{Heap before GC invocations=25 (full 3):
 PSYoungGen      total 137728K, used 131332K [0x00000000eb380000, 0x00000000f4d00000, 0x0000000100000000)
  eden space 120832K, 100% used [0x00000000eb380000,0x00000000f2980000,0x00000000f2980000)
  from space 16896K, 62% used [0x00000000f2980000,0x00000000f33c10e0,0x00000000f3a00000)
  to   space 17408K, 0% used [0x00000000f3a00000,0x00000000f3a00000,0x00000000f4b00000)
 ParOldGen       total 98304K, used 33328K [0x00000000c1a00000, 0x00000000c7a00000, 0x00000000eb380000)
  object space 98304K, 33% used [0x00000000c1a00000,0x00000000c3a8c0c8,0x00000000c7a00000)
 Metaspace       used 76373K, capacity 76861K, committed 77352K, reserved 1118208K
  class space    used 8576K, capacity 8709K, committed 8744K, reserved 1048576K
Event: 53.619 GC heap after
Heap after GC invocations=25 (full 3):
 PSYoungGen      total 138240K, used 10516K [0x00000000eb380000, 0x00000000f4d00000, 0x0000000100000000)
  eden space 120832K, 0% used [0x00000000eb380000,0x00000000eb380000,0x00000000f2980000)
  from space 17408K, 60% used [0x00000000f3a00000,0x00000000f44450d0,0x00000000f4b00000)
  to   space 16896K, 0% used [0x00000000f2980000,0x00000000f2980000,0x00000000f3a00000)
 ParOldGen       total 98304K, used 33328K [0x00000000c1a00000, 0x00000000c7a00000, 0x00000000eb380000)
  object space 98304K, 33% used [0x00000000c1a00000,0x00000000c3a8c0c8,0x00000000c7a00000)
 Metaspace       used 76373K, capacity 76861K, committed 77352K, reserved 1118208K
  class space    used 8576K, capacity 8709K, committed 8744K, reserved 1048576K
}

